{"level":30,"time":1749101723474,"pid":8716,"hostname":"DESKTOP-SL6FQDI","msg":"Server started on port 5000"}
{"level":30,"time":1749101723476,"pid":8716,"hostname":"DESKTOP-SL6FQDI","msg":"Server started on port 5000"}
{"level":30,"time":1749101758489,"pid":6748,"hostname":"DESKTOP-SL6FQDI","msg":"Server started on port 5000"}
{"level":30,"time":1749101758492,"pid":6748,"hostname":"DESKTOP-SL6FQDI","msg":"Server started on port 5000"}
{"level":50,"time":1752002135636,"pid":8732,"hostname":"DESKTOP-SL6FQDI","error":"relation \"marketcommissions\" does not exist","msg":"Failed to start server:"}
{"level":50,"time":1752002278901,"pid":14140,"hostname":"DESKTOP-SL6FQDI","error":"relation \"marketcommissions\" does not exist","msg":"Failed to start server:"}
{"level":30,"time":1752002873590,"pid":12328,"hostname":"DESKTOP-SL6FQDI","msg":"MarketCommission table initialized"}
{"level":30,"time":1752002873600,"pid":12328,"hostname":"DESKTOP-SL6FQDI","msg":"System user initialized"}
{"level":30,"time":1752002873600,"pid":12328,"hostname":"DESKTOP-SL6FQDI","msg":"Server started on port 5000"}
{"level":30,"time":1752002873603,"pid":12328,"hostname":"DESKTOP-SL6FQDI","msg":"Server started on port 5000"}
{"level":30,"time":1752003343867,"pid":9620,"hostname":"DESKTOP-SL6FQDI","msg":"MarketCommission table initialized"}
{"level":30,"time":1752003343870,"pid":9620,"hostname":"DESKTOP-SL6FQDI","msg":"System user initialized"}
{"level":30,"time":1752003343870,"pid":9620,"hostname":"DESKTOP-SL6FQDI","msg":"Server started on port 5000"}
{"level":30,"time":1752003343872,"pid":9620,"hostname":"DESKTOP-SL6FQDI","msg":"Server started on port 5000"}
{"level":30,"time":1752003544299,"pid":3448,"hostname":"DESKTOP-SL6FQDI","msg":"MarketCommission table initialized"}
{"level":30,"time":1752003544301,"pid":3448,"hostname":"DESKTOP-SL6FQDI","msg":"System user initialized"}
{"level":30,"time":1752003544301,"pid":3448,"hostname":"DESKTOP-SL6FQDI","msg":"Server started on port 5000"}
{"level":30,"time":1752003544304,"pid":3448,"hostname":"DESKTOP-SL6FQDI","msg":"Server started on port 5000"}
{"level":50,"time":1752003560983,"pid":14272,"hostname":"DESKTOP-SL6FQDI","error":"log is not defined","msg":"Failed to start server:"}
{"level":50,"time":1752003565317,"pid":22196,"hostname":"DESKTOP-SL6FQDI","error":"log is not defined","msg":"Failed to start server:"}
{"level":50,"time":1752003567191,"pid":18332,"hostname":"DESKTOP-SL6FQDI","error":"logger is not defined","msg":"Failed to start server:"}
{"level":30,"time":1752003634065,"pid":18992,"hostname":"DESKTOP-SL6FQDI","msg":"MarketCommission table initialized"}
{"level":30,"time":1752003634068,"pid":18992,"hostname":"DESKTOP-SL6FQDI","msg":"System user initialized"}
{"level":30,"time":1752003634068,"pid":18992,"hostname":"DESKTOP-SL6FQDI","msg":"Server started on port 5000"}
{"level":30,"time":1752003634070,"pid":18992,"hostname":"DESKTOP-SL6FQDI","msg":"Server started on port 5000"}
{"level":30,"time":1752003725399,"pid":15348,"hostname":"DESKTOP-SL6FQDI","msg":"MarketCommission table initialized"}
{"level":30,"time":1752003725401,"pid":15348,"hostname":"DESKTOP-SL6FQDI","msg":"System user initialized"}
{"level":30,"time":1752003725401,"pid":15348,"hostname":"DESKTOP-SL6FQDI","msg":"Server started on port 5000"}
{"level":30,"time":1752003725403,"pid":15348,"hostname":"DESKTOP-SL6FQDI","msg":"Server started on port 5000"}
{"level":30,"time":1752003733915,"pid":8092,"hostname":"DESKTOP-SL6FQDI","msg":"MarketCommission table initialized"}
{"level":30,"time":1752003733917,"pid":8092,"hostname":"DESKTOP-SL6FQDI","msg":"System user initialized"}
{"level":30,"time":1752003733918,"pid":8092,"hostname":"DESKTOP-SL6FQDI","msg":"Server started on port 5000"}
{"level":30,"time":1752003733920,"pid":8092,"hostname":"DESKTOP-SL6FQDI","msg":"Server started on port 5000"}
{"level":50,"time":1752003735096,"pid":17392,"hostname":"DESKTOP-SL6FQDI","error":"д is not defined","msg":"Failed to start server:"}
{"level":50,"time":1752003739282,"pid":20944,"hostname":"DESKTOP-SL6FQDI","error":"logger is not defined","msg":"Failed to start server:"}
{"level":50,"time":1752003743003,"pid":17088,"hostname":"DESKTOP-SL6FQDI","error":"logger is not defined","msg":"Failed to start server:"}
{"level":50,"time":1752003744717,"pid":15180,"hostname":"DESKTOP-SL6FQDI","error":"logger is not defined","msg":"Failed to start server:"}
{"level":50,"time":1752003746455,"pid":5928,"hostname":"DESKTOP-SL6FQDI","error":"logger is not defined","msg":"Failed to start server:"}
{"level":50,"time":1752003775963,"pid":7668,"hostname":"DESKTOP-SL6FQDI","error":"logger is not defined","msg":"Failed to start server:"}
{"level":30,"time":1752008186289,"pid":21540,"hostname":"DESKTOP-SL6FQDI","0":{"current_database":"nebulahunt","current_user":"postgres","inet_server_addr":"127.0.0.1"},"msg":"Connected to DB:"}
{"level":30,"time":1752008186290,"pid":21540,"hostname":"DESKTOP-SL6FQDI","msg":"вызов модели"}
{"level":30,"time":1752008186290,"pid":21540,"hostname":"DESKTOP-SL6FQDI","msg":"initialized ?"}
{"level":30,"time":1752008186314,"pid":21540,"hostname":"DESKTOP-SL6FQDI","msg":"MarketCommission table initialized"}
{"level":30,"time":1752008186325,"pid":21540,"hostname":"DESKTOP-SL6FQDI","msg":"System user initialized"}
{"level":30,"time":1752008186325,"pid":21540,"hostname":"DESKTOP-SL6FQDI","msg":"Server started on port 5000"}
{"level":30,"time":1752008186328,"pid":21540,"hostname":"DESKTOP-SL6FQDI","msg":"Server started on port 5000"}
{"level":30,"time":1752008389856,"pid":22076,"hostname":"DESKTOP-SL6FQDI","msg":"Connected to DB:"}
{"level":30,"time":1752008389949,"pid":22076,"hostname":"DESKTOP-SL6FQDI","0":{"current_database":"nebulahunt","current_user":"postgres","inet_server_addr":"127.0.0.1"},"msg":"Connected to DB:"}
{"level":30,"time":1752008389949,"pid":22076,"hostname":"DESKTOP-SL6FQDI","msg":"вызов модели"}
{"level":30,"time":1752008389949,"pid":22076,"hostname":"DESKTOP-SL6FQDI","msg":"initialized ?"}
{"level":30,"time":1752008389961,"pid":22076,"hostname":"DESKTOP-SL6FQDI","msg":"MarketCommission table initialized"}
{"level":30,"time":1752008389963,"pid":22076,"hostname":"DESKTOP-SL6FQDI","msg":"System user initialized"}
{"level":30,"time":1752008389963,"pid":22076,"hostname":"DESKTOP-SL6FQDI","msg":"Server started on port 5000"}
{"level":30,"time":1752008389965,"pid":22076,"hostname":"DESKTOP-SL6FQDI","msg":"Server started on port 5000"}
{"level":30,"time":1752008400611,"pid":1376,"hostname":"DESKTOP-SL6FQDI","msg":""}
{"level":30,"time":1752008400708,"pid":1376,"hostname":"DESKTOP-SL6FQDI","0":{"current_database":"nebulahunt","current_user":"postgres","inet_server_addr":"127.0.0.1"},"msg":"Connected to DB:"}
{"level":30,"time":1752008400708,"pid":1376,"hostname":"DESKTOP-SL6FQDI","msg":"вызов модели"}
{"level":30,"time":1752008400708,"pid":1376,"hostname":"DESKTOP-SL6FQDI","msg":"initialized ?"}
{"level":30,"time":1752008400720,"pid":1376,"hostname":"DESKTOP-SL6FQDI","msg":"MarketCommission table initialized"}
{"level":30,"time":1752008400722,"pid":1376,"hostname":"DESKTOP-SL6FQDI","msg":"System user initialized"}
{"level":30,"time":1752008400722,"pid":1376,"hostname":"DESKTOP-SL6FQDI","msg":"Server started on port 5000"}
{"level":30,"time":1752008400724,"pid":1376,"hostname":"DESKTOP-SL6FQDI","msg":"Server started on port 5000"}
{"level":30,"time":1752008402976,"pid":13748,"hostname":"DESKTOP-SL6FQDI","msg":"до старт"}
{"level":30,"time":1752008403071,"pid":13748,"hostname":"DESKTOP-SL6FQDI","0":{"current_database":"nebulahunt","current_user":"postgres","inet_server_addr":"127.0.0.1"},"msg":"Connected to DB:"}
{"level":30,"time":1752008403071,"pid":13748,"hostname":"DESKTOP-SL6FQDI","msg":"вызов модели"}
{"level":30,"time":1752008403071,"pid":13748,"hostname":"DESKTOP-SL6FQDI","msg":"initialized ?"}
{"level":30,"time":1752008403085,"pid":13748,"hostname":"DESKTOP-SL6FQDI","msg":"MarketCommission table initialized"}
{"level":30,"time":1752008403087,"pid":13748,"hostname":"DESKTOP-SL6FQDI","msg":"System user initialized"}
{"level":30,"time":1752008403087,"pid":13748,"hostname":"DESKTOP-SL6FQDI","msg":"Server started on port 5000"}
{"level":30,"time":1752008403089,"pid":13748,"hostname":"DESKTOP-SL6FQDI","msg":"Server started on port 5000"}
{"level":30,"time":1752008407810,"pid":5032,"hostname":"DESKTOP-SL6FQDI","msg":"до старт"}
{"level":30,"time":1752008407904,"pid":5032,"hostname":"DESKTOP-SL6FQDI","0":{"current_database":"nebulahunt","current_user":"postgres","inet_server_addr":"127.0.0.1"},"msg":"Connected to DB:"}
{"level":30,"time":1752008407904,"pid":5032,"hostname":"DESKTOP-SL6FQDI","msg":"вызов модели"}
{"level":30,"time":1752008407904,"pid":5032,"hostname":"DESKTOP-SL6FQDI","msg":"initialized ?"}
{"level":30,"time":1752008407917,"pid":5032,"hostname":"DESKTOP-SL6FQDI","msg":"MarketCommission table initialized"}
{"level":30,"time":1752008407919,"pid":5032,"hostname":"DESKTOP-SL6FQDI","msg":"System user initialized"}
{"level":30,"time":1752008407919,"pid":5032,"hostname":"DESKTOP-SL6FQDI","msg":"Server started on port 5000"}
{"level":30,"time":1752008407922,"pid":5032,"hostname":"DESKTOP-SL6FQDI","msg":"Server started on port 5000"}
{"level":30,"time":1752201936353,"pid":10512,"hostname":"DESKTOP-SL6FQDI","msg":"MarketCommission table initialized"}
{"level":50,"time":1752201936359,"pid":10512,"hostname":"DESKTOP-SL6FQDI","error":"Failed to ensure system user exists: column \"tonWallet\" does not exist","msg":"Failed to start server:"}
{"level":30,"time":1752202602188,"pid":2452,"hostname":"DESKTOP-SL6FQDI","msg":"MarketCommission table initialized"}
{"level":50,"time":1752202602191,"pid":2452,"hostname":"DESKTOP-SL6FQDI","error":"Failed to ensure system user exists: column \"tonWallet\" does not exist","msg":"Failed to start server:"}
{"level":50,"time":1752202800057,"pid":2452,"hostname":"DESKTOP-SL6FQDI","msg":"Ошибка при обработке истекших оферт: column \"isItemLocked\" does not exist"}
{"level":50,"time":1752202800057,"pid":2452,"hostname":"DESKTOP-SL6FQDI","msg":"Ошибка при обработке истекших оферт: column \"isItemLocked\" does not exist"}
{"level":50,"time":1752265640614,"pid":9492,"hostname":"DESKTOP-SL6FQDI","error":"invalid input value for enum enum_marketcommissions_currency: \"stardust\"","msg":"Failed to start server:"}
{"level":30,"time":1752265741797,"pid":20264,"hostname":"DESKTOP-SL6FQDI","msg":"MarketCommission table initialized"}
{"level":30,"time":1752265741801,"pid":20264,"hostname":"DESKTOP-SL6FQDI","msg":-1}
{"level":30,"time":1752265741804,"pid":20264,"hostname":"DESKTOP-SL6FQDI","msg":-1}
{"level":30,"time":1752265741808,"pid":20264,"hostname":"DESKTOP-SL6FQDI","msg":"System user initialized"}
{"level":30,"time":1752265741810,"pid":20264,"hostname":"DESKTOP-SL6FQDI","msg":"Server started on port 5000"}
{"level":30,"time":1752265955315,"pid":22688,"hostname":"DESKTOP-SL6FQDI","msg":"MarketCommission table initialized"}
{"level":30,"time":1752265955318,"pid":22688,"hostname":"DESKTOP-SL6FQDI","msg":"System user initialized"}
{"level":30,"time":1752265955320,"pid":22688,"hostname":"DESKTOP-SL6FQDI","msg":"Server started on port 5000"}
{"level":30,"time":1752296021756,"pid":8800,"hostname":"DESKTOP-SL6FQDI","msg":"MarketCommission table initialized"}
{"level":30,"time":1752296021759,"pid":8800,"hostname":"DESKTOP-SL6FQDI","msg":"System user initialized"}
{"level":30,"time":1752296021761,"pid":8800,"hostname":"DESKTOP-SL6FQDI","msg":"Server started on port 5000"}
{"level":50,"time":1752296100096,"pid":8800,"hostname":"DESKTOP-SL6FQDI","msg":"Error updating active users metrics: column userstate.lastLoginDate does not exist"}
{"level":50,"time":1752296100100,"pid":8800,"hostname":"DESKTOP-SL6FQDI","msg":"Error updating economy metrics: column galaxy.ownerId does not exist"}
{"level":30,"time":1752296340625,"pid":23020,"hostname":"DESKTOP-SL6FQDI","msg":"MarketCommission table initialized"}
{"level":30,"time":1752296340628,"pid":23020,"hostname":"DESKTOP-SL6FQDI","msg":"System user initialized"}
{"level":30,"time":1752296340629,"pid":23020,"hostname":"DESKTOP-SL6FQDI","msg":"Server started on port 5000"}
{"level":50,"time":1752296400074,"pid":23020,"hostname":"DESKTOP-SL6FQDI","msg":"Error processing expired offers: column \"userId\" does not exist"}
{"level":50,"time":1752296400074,"pid":23020,"hostname":"DESKTOP-SL6FQDI","msg":"Error processing expired offers: column \"userId\" does not exist"}
{"level":30,"time":1752296856069,"pid":10784,"hostname":"DESKTOP-SL6FQDI","msg":"MarketCommission table initialized"}
{"level":30,"time":1752296856072,"pid":10784,"hostname":"DESKTOP-SL6FQDI","msg":"System user initialized"}
{"level":30,"time":1752296856074,"pid":10784,"hostname":"DESKTOP-SL6FQDI","msg":"Server started on port 5000"}
{"level":30,"time":1752296960206,"pid":9672,"hostname":"DESKTOP-SL6FQDI","msg":"MarketCommission table initialized"}
{"level":30,"time":1752296960209,"pid":9672,"hostname":"DESKTOP-SL6FQDI","msg":"System user initialized"}
{"level":30,"time":1752296960211,"pid":9672,"hostname":"DESKTOP-SL6FQDI","msg":"Server started on port 5000"}
{"level":30,"time":1752297507752,"pid":21076,"hostname":"DESKTOP-SL6FQDI","msg":"MarketCommission table initialized"}
{"level":30,"time":1752297507755,"pid":21076,"hostname":"DESKTOP-SL6FQDI","msg":"System user initialized"}
{"level":30,"time":1752297507756,"pid":21076,"hostname":"DESKTOP-SL6FQDI","msg":"Server started on port 5000"}
{"level":50,"time":1752300000097,"pid":9672,"hostname":"DESKTOP-SL6FQDI","msg":"Error processing expired offers: column \"userId\" does not exist"}
{"level":50,"time":1752300000097,"pid":9672,"hostname":"DESKTOP-SL6FQDI","msg":"Error processing expired offers: column \"userId\" does not exist"}
{"level":50,"time":1752300000108,"pid":10784,"hostname":"DESKTOP-SL6FQDI","msg":"Error processing expired offers: column \"userId\" does not exist"}
{"level":50,"time":1752300000108,"pid":10784,"hostname":"DESKTOP-SL6FQDI","msg":"Error processing expired offers: column \"userId\" does not exist"}
{"level":50,"time":1752300000154,"pid":21076,"hostname":"DESKTOP-SL6FQDI","msg":"Error processing expired offers: column \"userId\" does not exist"}
{"level":50,"time":1752300000154,"pid":21076,"hostname":"DESKTOP-SL6FQDI","msg":"Error processing expired offers: column \"userId\" does not exist"}
{"level":20,"time":1754818491008,"pid":20851,"hostname":"Antons-Mac-mini.local","msg":"Prometheus metrics initialized successfully"}
{"level":20,"time":1754818491011,"pid":20851,"hostname":"Antons-Mac-mini.local","msg":"PrometheusService imported successfully"}
{"level":30,"time":1754818491236,"pid":20851,"hostname":"Antons-Mac-mini.local","msg":"Password expiry checker started"}
{"level":50,"time":1754818491325,"pid":20851,"hostname":"Antons-Mac-mini.local","error":"SASL: SCRAM-SERVER-FIRST-MESSAGE: client password must be a string","msg":"Failed to start server:"}
{"level":20,"time":1754818500005,"pid":20851,"hostname":"Antons-Mac-mini.local","msg":"Updated database metrics"}
{"level":50,"time":1754818500020,"pid":20851,"hostname":"Antons-Mac-mini.local","msg":"Error updating economy metrics: SASL: SCRAM-SERVER-FIRST-MESSAGE: client password must be a string"}
{"level":50,"time":1754818500020,"pid":20851,"hostname":"Antons-Mac-mini.local","msg":"Error updating active users metrics: SASL: SCRAM-SERVER-FIRST-MESSAGE: client password must be a string"}
{"level":20,"time":1754818500020,"pid":20851,"hostname":"Antons-Mac-mini.local","msg":"All Prometheus metrics updated successfully"}
{"level":20,"time":1754818500021,"pid":20851,"hostname":"Antons-Mac-mini.local","msg":"Prometheus metrics updated successfully"}
{"level":20,"time":1754818800023,"pid":20851,"hostname":"Antons-Mac-mini.local","msg":"Updated database metrics"}
{"level":50,"time":1754818800033,"pid":20851,"hostname":"Antons-Mac-mini.local","msg":"Error updating economy metrics: SASL: SCRAM-SERVER-FIRST-MESSAGE: client password must be a string"}
{"level":50,"time":1754818800033,"pid":20851,"hostname":"Antons-Mac-mini.local","msg":"Error updating active users metrics: SASL: SCRAM-SERVER-FIRST-MESSAGE: client password must be a string"}
{"level":20,"time":1754818800033,"pid":20851,"hostname":"Antons-Mac-mini.local","msg":"All Prometheus metrics updated successfully"}
{"level":20,"time":1754818800033,"pid":20851,"hostname":"Antons-Mac-mini.local","msg":"Prometheus metrics updated successfully"}
{"level":20,"time":1754826543228,"pid":37544,"hostname":"Antons-Mac-mini.local","msg":"Prometheus metrics initialized successfully"}
{"level":20,"time":1754826543235,"pid":37544,"hostname":"Antons-Mac-mini.local","msg":"PrometheusService imported successfully"}
{"level":30,"time":1754826543445,"pid":37544,"hostname":"Antons-Mac-mini.local","msg":"Password expiry checker started"}
{"level":50,"time":1754826543487,"pid":37544,"hostname":"Antons-Mac-mini.local","error":"SASL: SCRAM-SERVER-FIRST-MESSAGE: client password must be a string","msg":"Failed to start server:"}
{"level":20,"time":1754826600067,"pid":37544,"hostname":"Antons-Mac-mini.local","msg":"Updated database metrics"}
{"level":50,"time":1754826600118,"pid":37544,"hostname":"Antons-Mac-mini.local","msg":"Error updating economy metrics: SASL: SCRAM-SERVER-FIRST-MESSAGE: client password must be a string"}
{"level":50,"time":1754826600118,"pid":37544,"hostname":"Antons-Mac-mini.local","msg":"Error updating active users metrics: SASL: SCRAM-SERVER-FIRST-MESSAGE: client password must be a string"}
{"level":20,"time":1754826600118,"pid":37544,"hostname":"Antons-Mac-mini.local","msg":"All Prometheus metrics updated successfully"}
{"level":20,"time":1754826600119,"pid":37544,"hostname":"Antons-Mac-mini.local","msg":"Prometheus metrics updated successfully"}
{"level":20,"time":1754826900171,"pid":37544,"hostname":"Antons-Mac-mini.local","msg":"Updated database metrics"}
{"level":50,"time":1754826900233,"pid":37544,"hostname":"Antons-Mac-mini.local","msg":"Error updating economy metrics: SASL: SCRAM-SERVER-FIRST-MESSAGE: client password must be a string"}
{"level":50,"time":1754826900233,"pid":37544,"hostname":"Antons-Mac-mini.local","msg":"Error updating active users metrics: SASL: SCRAM-SERVER-FIRST-MESSAGE: client password must be a string"}
{"level":20,"time":1754826900234,"pid":37544,"hostname":"Antons-Mac-mini.local","msg":"All Prometheus metrics updated successfully"}
{"level":20,"time":1754826900234,"pid":37544,"hostname":"Antons-Mac-mini.local","msg":"Prometheus metrics updated successfully"}
